2023/01/04 16:43:03 {"callers":["/home/mdy/go_project/blog-service/main.go: 20 main.init.0"],"level":"info","message":"eddycjy: go-programming-tour-book/blog-service","time":1672821783171889100}
2023/01/05 16:20:50 {"callers":["/home/mdy/go_project/blog-service/main.go: 22 main.init.0"],"level":"error","message":"app.BindAndValid errs: Key: 'State' Error:Field validation for 'State' failed on the 'oneof' tag","time":1672906850089224100}
2023/01/05 16:25:23 {"callers":["/home/mdy/go_project/blog-service/main.go: 22 main.init.0"],"level":"error","message":"app.BindAndValid errs: Key: 'State' Error:Field validation for 'State' failed on the 'oneof' tag","time":1672907123710264500}
2023/01/05 16:28:30 {"callers":["/home/mdy/go_project/blog-service/main.go: 22 main.init.0"],"level":"error","message":"app.BindAndValid errs: State必须是[0 1]中的一个","time":1672907310136139100}
2023/01/05 16:49:20 {"callers":["/home/mdy/go_project/blog-service/main.go: 22 main.init.0"],"level":"error","message":"app.BindAndValid errs: Key: 'State' Error:Field validation for 'State' failed on the 'oneof' tag","time":1672908560530827800}
2023/01/05 16:55:12 {"callers":["/home/mdy/go_project/blog-service/main.go: 22 main.init.0"],"level":"error","message":"app.BindAndValid errs: State必须是[0 1]中的一个","time":1672908912376058500}
2023/01/05 17:06:26 {"callers":["/home/mdy/go_project/blog-service/main.go: 22 main.init.0"],"level":"error","message":"app.BindAndValid errs: State必须是[0 1]中的一个","time":1672909586413721000}
2023/01/05 17:08:47 {"callers":["/home/mdy/go_project/blog-service/main.go: 22 main.init.0"],"level":"error","message":"app.BindAndValid errs: State必须是[0 1]中的一个","time":1672909727341660700}
2023/01/06 14:54:03 {"callers":["/home/mdy/go_project/blog-service/main.go: 22 main.init.0"],"level":"error","message":"app.BindAndValid errs: Name长度必须至少为3个字符","time":1672988043383026100}
2023/01/06 14:58:06 {"callers":["/home/mdy/go_project/blog-service/main.go: 22 main.init.0"],"level":"error","message":"app.BindAndValid errs: Name长度必须至少为3个字符,State为必填字段","time":1672988286548357200}
2023/01/06 14:58:33 {"callers":["/home/mdy/go_project/blog-service/main.go: 22 main.init.0"],"level":"error","message":"app.BindAndValid errs: Name长度必须至少为3个字符,State为必填字段,ID为必填字段","time":1672988313100033500}
2023/01/06 14:59:00 {"callers":["/home/mdy/go_project/blog-service/main.go: 22 main.init.0"],"level":"error","message":"app.BindAndValid errs: ID为必填字段","time":1672988340015945300}
2023/01/06 15:01:23 {"callers":["/home/mdy/go_project/blog-service/main.go: 22 main.init.0"],"level":"error","message":"app.BindAndValid errs: ID为必填字段,Name长度必须至少为3个字符,State为必填字段","time":1672988483688536500}
2023/01/06 15:01:45 {"callers":["/home/mdy/go_project/blog-service/main.go: 22 main.init.0"],"level":"error","message":"app.BindAndValid errs: Name长度必须至少为3个字符,State为必填字段","time":1672988505156856500}
2023/01/06 15:03:40 {"callers":["/home/mdy/go_project/blog-service/main.go: 22 main.init.0"],"level":"error","message":"app.BindAndValid errs: State为必填字段","time":1672988620209631500}
2023/01/06 15:06:11 {"callers":["/home/mdy/go_project/blog-service/main.go: 22 main.init.0"],"level":"error","message":"app.BindAndValid errs: Name长度必须至少为3个字符","time":1672988771562930100}
2023/01/07 15:24:52 {"callers":["/home/mdy/go_project/blog-service/main.go: 22 main.init.0"],"level":"error","message":"app.BindAndValid errs: AppKey为必填字段,AppSecret为必填字段","time":1673076292608799800}
2023/01/07 15:25:25 {"callers":["/home/mdy/go_project/blog-service/main.go: 22 main.init.0"],"level":"error","message":"app.BindAndValid errs: AppSecret为必填字段,AppKey为必填字段","time":1673076325532902200}
2023/01/07 15:25:57 {"callers":["/home/mdy/go_project/blog-service/main.go: 22 main.init.0"],"level":"error","message":"app.BindAndValid errs: AppKey为必填字段,AppSecret为必填字段","time":1673076357552213800}
2023/01/07 15:29:17 {"callers":["/home/mdy/go_project/blog-service/main.go: 22 main.init.0"],"level":"error","message":"app.BindAndValid errs: AppKey为必填字段,AppSecret为必填字段","time":1673076557138990400}
2023/01/07 15:30:20 {"callers":["/home/mdy/go_project/blog-service/main.go: 22 main.init.0"],"level":"error","message":"app.BindAndValid errs: AppKey为必填字段,AppSecret为必填字段","time":1673076620399799000}
2023/01/08 14:59:11 {"callers":["/home/mdy/go_project/blog-service/main.go: 22 main.init.0"],"level":"info","message":"access log: method: GET, status_code: 200, begin_time: 1673161151, end_time: 1673161151","request":"","response":"{\"list\":[{\"id\":3,\"created_by\":\"eddycjy\",\"modified_by\":\"\",\"created_on\":1672988220,\"modified_on\":1672988220,\"deleted_on\":0,\"is_del\":0,\"name\":\"Golang\",\"state\":1}],\"pager\":{\"page\":1,\"page_size\":2,\"total_rows\":1}}","time":1673161151642094200}
2023/01/08 15:31:31 {"callers":["/home/mdy/go_project/blog-service/main.go: 22 main.init.0"],"level":"info","message":"access log: method: GET, status_code: 200, begin_time: 1673163091, end_time: 1673163091","request":"","response":"{\"list\":[{\"id\":3,\"created_by\":\"eddycjy\",\"modified_by\":\"\",\"created_on\":1672988220,\"modified_on\":1672988220,\"deleted_on\":0,\"is_del\":0,\"name\":\"Golang\",\"state\":1}],\"pager\":{\"page\":1,\"page_size\":2,\"total_rows\":1}}","time":1673163091658666700}
